* using log directory 'C:/Users/diogo/Documents/MeusProjetosGit/colorspec_R_package/colorspec.Rcheck'
* using R version 4.2.0 (2022-04-22 ucrt)
* using platform: x86_64-w64-mingw32 (64-bit)
* using session charset: UTF-8
* using options '--no-manual --as-cran'
* checking for file 'colorspec/DESCRIPTION' ... OK
* checking extension type ... Package
* this is package 'colorspec' version '1.0'
* package encoding: UTF-8
* checking package namespace information ... OK
* checking package dependencies ... OK
* checking if this is a source package ... OK
* checking if there is a namespace ... OK
* checking for executable files ... OK
* checking for hidden files and directories ... OK
* checking for portable file names ... OK
* checking serialization versions ... OK
* checking whether package 'colorspec' can be installed ... OK
* checking installed package size ... OK
* checking package directory ... OK
* checking for future file timestamps ... OK
* checking DESCRIPTION meta-information ... OK
* checking top-level files ... OK
* checking for left-over files ... OK
* checking index information ... OK
* checking package subdirectories ... OK
* checking R files for non-ASCII characters ... OK
* checking R files for syntax errors ... OK
* checking whether the package can be loaded ... OK
* checking whether the package can be loaded with stated dependencies ... OK
* checking whether the package can be unloaded cleanly ... OK
* checking whether the namespace can be loaded with stated dependencies ... OK
* checking whether the namespace can be unloaded cleanly ... OK
* checking loading without being on the library search path ... OK
* checking dependencies in R code ... OK
* checking S3 generic/method consistency ... OK
* checking replacement functions ... OK
* checking foreign function calls ... OK
* checking R code for possible problems ... NOTE
vis.bluetit: no visible global function definition for '%>%'
vis.bluetit: no visible binding for global variable 'ID'
vis.bluetit: no visible binding for global variable 'summary_cor'
vis.bluetit: no visible binding for global variable 'patch1'
vis.bluetit: no visible binding for global variable 'patch2'
vis.bluetit: no visible binding for global variable 'dS'
vis.bluetit: no visible binding for global variable 'dL'
vis.bluetit: no visible binding for global variable 'lum'
vis.bluetit: no visible binding for global variable 'S8'
vis.bluetit: no visible binding for global variable 'B2'
vis.bluetit: no visible binding for global variable 'H1'
Undefined global functions or variables:
  %>% B2 H1 ID S8 dL dS lum patch1 patch2 summary_cor
* checking Rd files ... OK
* checking Rd metadata ... OK
* checking Rd line widths ... OK
* checking Rd cross-references ... OK
* checking for missing documentation entries ... OK
* checking for code/documentation mismatches ... OK
* checking Rd \usage sections ... WARNING
Undocumented arguments in documentation object 'vis.bluetit'
  '...'

Functions with \usage entries need to have the appropriate \alias
entries, and all their arguments documented.
The \usage entries must correspond to syntactically valid R code.
See chapter 'Writing R documentation files' in the 'Writing R
Extensions' manual.
* checking Rd contents ... OK
* checking for unstated dependencies in examples ... OK
* checking contents of 'data' directory ... OK
* checking data for non-ASCII characters ... OK
* checking LazyData ... OK
* checking data for ASCII and uncompressed saves ... OK
* checking examples ... ERROR
Running examples in 'colorspec-Ex.R' failed
The error most likely occurred in:

> base::assign(".ptime", proc.time(), pos = "CheckExEnv")
> ### Name: vis.bluetit
> ### Title: Bluetit vismodel
> ### Aliases: vis.bluetit
> 
> ### ** Examples
> 
> #example ## not run
> data(leptodactyla)
> leptodactyla <- fixspec(leptodactyla)
processing options applied:
smoothing spectra with a span of 0.25
Negative value correction: added min to all reflectance
wavelengths found in column 1
     wl X00_background    X01_m_c  X01_m_q    X02_m_c    X02_m_q  X03_m_c
1   300       5.205120  0.8727720 28.17545  0.0000000  0.9228481 10.00171
2   301       5.174550  0.9489838 29.92006  0.1426965  1.6171053 10.32192
3   302       5.144708  1.0245865 31.62277  0.2847933  2.2960227 10.64031
4   303       5.115595  1.0995668 33.28327  0.4262720  2.9595733 10.95676
5   304       5.087214  1.1739112 34.90124  0.5671144  3.6077303 11.27115
6   305       5.059566  1.2476066 36.47636  0.7073022  4.2404667 11.58335
7   306       5.032655  1.3206394 38.00832  0.8468172  4.8577557 11.89324
8   307       5.006481  1.3929963 39.49680  0.9856410  5.4595704 12.20069
9   308       4.981048  1.4646641 40.94149  1.1237555  6.0458838 12.50559
10  309       4.956358  1.5356293 42.34207  1.2611423  6.6166692 12.80781
11  310       4.932412  1.6058785 43.69822  1.3977831  7.1718996 13.10722
12  311       4.909213  1.6753986 45.00963  1.5336598  7.7115482 13.40371
13  312       4.886763  1.7441760 46.27599  1.6687539  8.2355879 13.69715
14  313       4.865061  1.8122182 47.49756  1.8030701  8.7439934 13.98765
15  314       4.844102  1.8795497 48.67501  1.9366367  9.2367778 14.27549
16  315       4.823885  1.9461822 49.80859  2.0694709  9.7139725 14.56075
17  316       4.804408  2.0121278 50.89858  2.2015901 10.1756088 14.84355
18  317       4.785668  2.0773983 51.94523  2.3330117 10.6217182 15.12398
19  318       4.767664  2.1420057 52.94881  2.4637531 11.0523318 15.40215
20  319       4.750395  2.2059618 53.90959  2.5938316 11.4674811 15.67816
21  320       4.733857  2.2692786 54.82782  2.7232647 11.8671974 15.95210
22  321       4.718049  2.3319679 55.70378  2.8520695 12.2515120 16.22409
23  322       4.702970  2.3940418 56.53772  2.9802636 12.6204563 16.49422
24  323       4.688617  2.4555121 57.32992  3.1078643 12.9740617 16.76260
25  324       4.674989  2.5163908 58.08062  3.2348889 13.3123595 17.02932
26  325       4.662083  2.5766897 58.79011  3.3613549 13.6353810 17.29448
27  326       4.649928  2.6362405 59.45490  3.4870012 13.9425505 17.55681
28  327       4.638547  2.6949009 60.07203  3.6116085 14.2333913 17.81519
29  328       4.627931  2.7527217 60.64255  3.7352563 14.5080827 18.07002
30  329       4.618072  2.8097540 61.16749  3.8580244 14.7668041 18.32168
31  330       4.608961  2.8660487 61.64790  3.9799922 15.0097349 18.57054
32  331       4.600591  2.9216567 62.08482  4.1012394 15.2370544 18.81700
33  332       4.592953  2.9766289 62.47928  4.2218456 15.4489421 19.06144
34  333       4.586038  3.0310164 62.83234  4.3418905 15.6455774 19.30424
35  334       4.579837  3.0848700 63.14503  4.4614535 15.8271396 19.54579
36  335       4.574344  3.1382408 63.41838  4.5806145 15.9938081 19.78647
37  336       4.569548  3.1911795 63.65345  4.6994528 16.1457624 20.02667
38  337       4.565441  3.2437373 63.85128  4.8180482 16.2831818 20.26677
39  338       4.562016  3.2959650 64.01289  4.9364803 16.4062457 20.50715
40  339       4.559408  3.3471142 64.12281  5.0535806 16.5120192 20.74242
41  340       4.557729  3.3965580 64.16806  5.1683705 16.5980721 20.96803
42  341       4.556936  3.4445297 64.15347  5.2812145 16.6653405 21.18565
43  342       4.556986  3.4912626 64.08389  5.3924773 16.7147609 21.39694
44  343       4.557837  3.5369901 63.96415  5.5025235 16.7472694 21.60356
45  344       4.559446  3.5819453 63.79909  5.6117175 16.7638023 21.80718
46  345       4.561768  3.6263617 63.59354  5.7204239 16.7652960 22.00947
47  346       4.564762  3.6704724 63.35235  5.8290074 16.7526868 22.21208
48  347       4.568384  3.7145109 63.08033  5.9378324 16.7269108 22.41668
49  348       4.572591  3.7587104 62.78234  6.0472636 16.6889044 22.62494
50  349       4.577341  3.8033042 62.46321  6.1576654 16.6396039 22.83852
51  350       4.582590  3.8485256 62.12777  6.2694026 16.5799456 23.05909
52  351       4.588949  3.8919536 61.72367  6.3784767 16.4907878 23.27623
53  352       4.596929  3.9315054 61.20606  6.4814713 16.3566499 23.48029
54  353       4.606330  3.9679213 60.59106  6.5796235 16.1839596 23.67401
55  354       4.616957  4.0019419 59.89479  6.6741707 15.9791446 23.86015
56  355       4.628612  4.0343076 59.13338  6.7663501 15.7486328 24.04147
57  356       4.641098  4.0657588 58.32293  6.8573989 15.4988519 24.22072
58  357       4.654218  4.0970359 57.47958  6.9485543 15.2362297 24.40066
59  358       4.667775  4.1288796 56.61943  7.0410536 14.9671938 24.58405
60  359       4.681571  4.1620300 55.75861  7.1361340 14.6981721 24.77364
61  360       4.695410  4.1972279 54.91324  7.2350328 14.4355923 24.97219
62  361       4.709094  4.2352135 54.09943  7.3389872 14.1858821 25.18246
63  362       4.722426  4.2767273 53.33331  7.4492344 13.9554694 25.40719
64  363       4.735210  4.3225099 52.63100  7.5670117 13.7507818 25.64916
65  364       4.748658  4.3696751 51.90062  7.6885421 13.5328739 25.90323
66  365       4.763910  4.4151698 51.05441  7.8094911 13.2650061 26.16221
67  366       4.780659  4.4594840 50.11464  7.9302595 12.9569143 26.42574
68  367       4.798600  4.5031072 49.10355  8.0512482 12.6183348 26.69343
69  368       4.817426  4.5465292 48.04341  8.1728579 12.2590037 26.96493
70  369       4.836830  4.5902400 46.95649  8.2954896 11.8886573 27.23985
71  370       4.856507  4.6347291 45.86503  8.4195441 11.5170315 27.51784
72  371       4.876148  4.6804863 44.79131  8.5454222 11.1538627 27.79852
73  372       4.895449  4.7280015 43.75758  8.6735247 10.8088870 28.08152
74  373       4.914103  4.7777644 42.78610  8.8042525 10.4918406 28.36647
75  374       4.931803  4.8302648 41.89913  8.9380064 10.2124595 28.65300
76  375       4.948243  4.8859924 41.11894  9.0751873  9.9804800 28.94074
77  376       4.964609  4.9448226 40.36978  9.2192820  9.7637256 29.24285
78  377       4.982149  5.0061107 39.56895  9.3724894  9.5267376 29.56975
79  378       5.000649  5.0695667 38.72829  9.5332783  9.2743286 29.91700
80  379       5.019893  5.1349004 37.85965  9.7001177  9.0113111 30.28017
81  380       5.039667  5.2018217 36.97486  9.8714765  8.7424977 30.65480
82  381       5.059757  5.2700405 36.08576 10.0458236  8.4727009 31.03645
83  382       5.079947  5.3392666 35.20419 10.2216279  8.2067334 31.42068
84  383       5.100024  5.4092099 34.34200 10.3973584  7.9494076 31.80304
85  384       5.119772  5.4795803 33.51102 10.5714838  7.7055361 32.17908
86  385       5.138978  5.5500877 32.72309 10.7424733  7.4799316 32.54437
87  386       5.157426  5.6204418 31.99005 10.9087955  7.2774066 32.89446
88  387       5.174901  5.6903526 31.32373 11.0689196  7.1027736 33.22490
89  388       5.191190  5.7595300 30.73599 11.2213143  6.9608452 33.53125
90  389       5.207002  5.8303261 30.20144 11.3757433  6.8445412 33.83718
91  390       5.223121  5.9048523 29.68693 11.5413370  6.7428069 34.16572
92  391       5.239446  5.9824575 29.19267 11.7156145  6.6544936 34.51142
93  392       5.255878  6.0624907 28.71886 11.8960950  6.5784524 34.86885
94  393       5.272314  6.1443008 28.26571 12.0802976  6.5135345 35.23258
95  394       5.288654  6.2272367 27.83343 12.2657415  6.4585910 35.59717
96  395       5.304798  6.3106473 27.42221 12.4499459  6.4124731 35.95719
97  396       5.320643  6.3938817 27.03226 12.6304298  6.3740319 36.30720
98  397       5.336090  6.4762887 26.66379 12.8047125  6.3421186 36.64178
99  398       5.351038  6.5572172 26.31700 12.9703131  6.3155844 36.95548
100 399       5.365385  6.6360162 25.99209 13.1247507  6.2932804 37.24287
101 400       5.379031  6.7120345 25.68927 13.2655446  6.2740577 37.49852
102 401       5.392054  6.7875186 25.42743 13.3991412  6.2709845 37.73424
103 402       5.404630  6.8649066 25.22080 13.5332440  6.2953278 37.96513
104 403       5.416799  6.9438351 25.06254 13.6672570  6.3432380 38.19071
105 404       5.428600  7.0239408 24.94581 13.8005844  6.4108650 38.41048
106 405       5.440077  7.1048605 24.86378 13.9326303  6.4943590 38.62395
107 406       5.451268  7.1862309 24.80963 14.0627989  6.5898700 38.83061
108 407       5.462215  7.2676886 24.77652 14.1904944  6.6935482 39.02999
109 408       5.472959  7.3488704 24.75762 14.3151208  6.8015436 39.22157
110 409       5.483540  7.4294130 24.74609 14.4360824  6.9100064 39.40488
111 410       5.493999  7.5089530 24.73510 14.5527832  7.0150867 39.57941
112 411       5.504378  7.5871272 24.71783 14.6646275  7.1129346 39.74467
113 412       5.514716  7.6635722 24.68743 14.7710193  7.1997001 39.90017
114 413       5.525056  7.7379249 24.63708 14.8713629  7.2715334 40.04542
115 414       5.534884  7.8120889 24.60293 14.9636048  7.3461797 40.17199
116 415       5.543776  7.8879031 24.62010 15.0469259  7.4414744 40.27420
117 416       5.551895  7.9649065 24.68022 15.1225819  7.5537030 40.35565
118 417       5.559408  8.0426382 24.77492 15.1918281  7.6791506 40.41996
119 418       5.566481  8.1206373 24.89581 15.2559202  7.8141029 40.47073
120 419       5.573279  8.1984428 25.03453 15.3161137  7.9548450 40.51155
121 420       5.579968  8.2755939 25.18271 15.3736640  8.0976625 40.54605
122 421       5.586714  8.3516294 25.33196 15.4298267  8.2388406 40.57781
123 422       5.593683  8.4260887 25.47391 15.4858574  8.3746647 40.61045
124 423       5.601040  8.4985106 25.60020 15.5430114  8.5014203 40.64757
125 424       5.608951  8.5684342 25.70244 15.6025445  8.6153926 40.69277
126 425       5.617582  8.6353987 25.77226 15.6657120  8.7128671 40.74967
127 426       5.626158  8.7019593 25.83678 15.7266149  8.8040249 40.80270
128 427       5.633901  8.7705797 25.92604 15.7793405  8.9007781 40.83596
129 428       5.640976  8.8406623 26.03602 15.8251240  9.0020090 40.85251
130 429       5.647544  8.9116089 26.16270 15.8652008  9.1065997 40.85543
131 430       5.653770  8.9828218 26.30209 15.9008062  9.2134324 40.84778
132 431       5.659817  9.0537031 26.45016 15.9331754  9.3213891 40.83263
133 432       5.665847  9.1236548 26.60290 15.9635438  9.4293522 40.81305
134 433       5.672025  9.1920791 26.75631 15.9931466  9.5362036 40.79211
135 434       5.678513  9.2583781 26.90637 16.0232191  9.6408256 40.77288
136 435       5.685474  9.3219539 27.04907 16.0549968  9.7421003 40.75843
137 436       5.693073  9.3822085 27.18039 16.0897147  9.8389099 40.75182
138 437       5.701471  9.4385441 27.29634 16.1286083  9.9301366 40.75613
139 438       5.710832  9.4903629 27.39288 16.1729128 10.0146624 40.77443
140 439       5.720685  9.5393405 27.48158 16.2185438 10.0932415 40.79748
141 440       5.730481  9.5874598 27.57582 16.2609796 10.1677837 40.81474
142 441       5.740266  9.6345830 27.67441 16.3007994 10.2389056 40.82729
143 442       5.750085  9.6805727 27.77612 16.3385824 10.3072231 40.83618
144 443       5.759985  9.7252911 27.87974 16.3749076 10.3733528 40.84250
145 444       5.770013  9.7686006 27.98405 16.4103544 10.4379108 40.84733
146 445       5.780214  9.8103637 28.08785 16.4455018 10.5015133 40.85173
147 446       5.790635  9.8504427 28.18991 16.4809291 10.5647767 40.85679
148 447       5.801321  9.8887000 28.28902 16.5172155 10.6283171 40.86357
149 448       5.812320  9.9249979 28.38397 16.5549401 10.6927510 40.87315
150 449       5.823676  9.9591989 28.47354 16.5946821 10.7586945 40.88660
151 450       5.835437  9.9911654 28.55652 16.6370206 10.8267638 40.90501
152 451       5.847840 10.0184787 28.63400 16.6801457 10.8928046 40.92702
153 452       5.861014 10.0394575 28.70814 16.7220425 10.9529552 40.95042
154 453       5.874842 10.0550700 28.77938 16.7629835 11.0082707 40.97501
155 454       5.889209 10.0662842 28.84813 16.8032408 11.0598063 41.00056
156 455       5.903998 10.0740684 28.91483 16.8430869 11.1086175 41.02685
157 456       5.919093 10.0793907 28.97989 16.8827940 11.1557593 41.05367
158 457       5.934377 10.0832192 29.04374 16.9226345 11.2022871 41.08078
159 458       5.949735 10.0865222 29.10681 16.9628807 11.2492561 41.10799
160 459       5.965049 10.0902677 29.16952 17.0038050 11.2977216 41.13506
161 460       5.980204 10.0954239 29.23228 17.0456795 11.3487388 41.16179
162 461       5.995083 10.1029589 29.29554 17.0887768 11.4033629 41.18794
163 462       6.009570 10.1138410 29.35971 17.1333690 11.4626492 41.21330
164 463       6.023549 10.1290382 29.42521 17.1797285 11.5276530 41.23766
165 464       6.037631 10.1424729 29.48927 17.2257076 11.5946967 41.26082
166 465       6.052411 10.1484491 29.54930 17.2693854 11.6597634 41.28293
167 466       6.067752 10.1485074 29.60602 17.3113742 11.7233995 41.30424
168 467       6.083518 10.1441887 29.66015 17.3522863 11.7861514 41.32503
169 468       6.099571 10.1370336 29.71242 17.3927341 11.8485655 41.34558
170 469       6.115774 10.1285829 29.76354 17.4333299 11.9111880 41.36614
171 470       6.131989 10.1203771 29.81425 17.4746860 11.9745654 41.38700
172 471       6.148080 10.1139572 29.86525 17.5174148 12.0392440 41.40841
173 472       6.163909 10.1108637 29.91727 17.5621286 12.1057701 41.43066
174 473       6.179339 10.1126374 29.97104 17.6094396 12.1746902 41.45400
175 474       6.194232 10.1208190 30.02727 17.6599604 12.2465506 41.47871
176 475       6.208452 10.1369492 30.08668 17.7143031 12.3218977 41.50506
177 476       6.222193 10.1568056 30.14688 17.7702691 12.4008490 41.53034
178 477       6.235760 10.1754343 30.20522 17.8254865 12.4828839 41.55214
179 478       6.249178 10.1932781 30.26209 17.8803081 12.5675912 41.57127
180 479       6.262471 10.2107803 30.31785 17.9350868 12.6545598 41.58847
181 480       6.275665 10.2283838 30.37287 17.9901754 12.7433784 41.60454
182 481       6.288785 10.2465317 30.42753 18.0459266 12.8336360 41.62025
183 482       6.301856 10.2656671 30.48220 18.1026934 12.9249213 41.63636
184 483       6.314902 10.2862331 30.53724 18.1608285 13.0168233 41.65366
185 484       6.327950 10.3086727 30.59304 18.2206848 13.1089306 41.67292
186 485       6.341025 10.3334290 30.64996 18.2826151 13.2008322 41.69491
187 486       6.354150 10.3609450 30.70837 18.3469721 13.2921169 41.72040
188 487       6.367352 10.3916639 30.76864 18.4141088 13.3823736 41.75018
189 488       6.380655 10.4260286 30.83115 18.4843779 13.4711910 41.78501
190 489       6.393644 10.4653011 30.89433 18.5585771 13.5614849 41.82232
191 490       6.405976 10.5098879 30.95658 18.6368636 13.6559276 41.85923
192 491       6.417789 10.5589490 31.01819 18.7186292 13.7537434 41.89610
193 492       6.429221 10.6116445 31.07950 18.8032657 13.8541562 41.93327
194 493       6.440407 10.6671343 31.14080 18.8901650 13.9563902 41.97108
195 494       6.451487 10.7245785 31.20242 18.9787189 14.0596695 42.00988
196 495       6.462597 10.7831370 31.26466 19.0683192 14.1632182 42.05001
197 496       6.473874 10.8419700 31.32783 19.1583579 14.2662604 42.09183
198 497       6.485456 10.9002375 31.39225 19.2482268 14.3680201 42.13567
199 498       6.497479 10.9570993 31.45822 19.3373177 14.4677215 42.18188
200 499       6.510082 11.0117157 31.52607 19.4250225 14.5645887 42.23081
201 500       6.523401 11.0632466 31.59610 19.5107329 14.6578458 42.28280
202 501       6.536979 11.1162596 31.66775 19.5992383 14.7500760 42.33924
203 502       6.550313 11.1751835 31.74024 19.6948705 14.8441155 42.40080
204 503       6.563470 11.2389703 31.81356 19.7963357 14.9395677 42.46674
205 504       6.576520 11.3065720 31.88769 19.9023401 15.0360362 42.53635
206 505       6.589531 11.3769405 31.96259 20.0115897 15.1331244 42.60888
207 506       6.602571 11.4490277 32.03826 20.1227907 15.2304357 42.68360
208 507       6.615708 11.5217857 32.11468 20.2346492 15.3275737 42.75978
209 508       6.629011 11.5941663 32.19182 20.3458713 15.4241418 42.83670
210 509       6.642549 11.6651215 32.26967 20.4551632 15.5197435 42.91362
211 510       6.656389 11.7336033 32.34820 20.5612310 15.6139822 42.98982
212 511       6.670601 11.7985637 32.42739 20.6627809 15.7064614 43.06455
213 512       6.685252 11.8589545 32.50723 20.7585189 15.7967846 43.13709
214 513       6.700411 11.9137277 32.58770 20.8471511 15.8845553 43.20670
215 514       6.715994 11.9665187 32.67082 20.9345481 15.9713713 43.27804
216 515       6.731856 12.0212951 32.75814 21.0266430 16.0588886 43.35543
217 516       6.747978 12.0775074 32.84886 21.1222359 16.1467980 43.43771
218 517       6.764337 12.1346060 32.94218 21.2201270 16.2347903 43.52367
219 518       6.780912 12.1920416 33.03734 21.3191164 16.3225561 43.61215
220 519       6.797682 12.2492645 33.13352 21.4180042 16.4097863 43.70197
221 520       6.814626 12.3057252 33.22995 21.5155906 16.4961715 43.79193
222 521       6.831722 12.3608743 33.32584 21.6106758 16.5814026 43.88086
223 522       6.848949 12.4141621 33.42040 21.7020598 16.6651702 43.96757
224 523       6.866285 12.4650392 33.51284 21.7885428 16.7471650 44.05089
225 524       6.883710 12.5129560 33.60237 21.8689249 16.8270780 44.12963
226 525       6.901202 12.5573631 33.68820 21.9420063 16.9045997 44.20261
227 526       6.918900 12.5987567 33.77542 22.0099976 16.9815257 44.27307
228 527       6.936932 12.6381280 33.86878 22.0759314 17.0595684 44.34477
229 528       6.955266 12.6756699 33.96700 22.1398414 17.1382937 44.41740
230 529       6.973868 12.7115755 34.06880 22.2017611 17.2172673 44.49060
231 530       6.992704 12.7460377 34.17291 22.2617241 17.2960552 44.56404
232 531       7.011741 12.7792496 34.27804 22.3197638 17.3742233 44.63737
233 532       7.030943 12.8114040 34.38291 22.3759140 17.4513375 44.71025
234 533       7.050279 12.8426941 34.48625 22.4302080 17.5269635 44.78235
235 534       7.069713 12.8733126 34.58678 22.4826795 17.6006673 44.85331
236 535       7.089213 12.9034527 34.68322 22.5333619 17.6720148 44.92281
237 536       7.108745 12.9333074 34.77429 22.5822890 17.7405718 44.99050
238 537       7.128274 12.9630695 34.85871 22.6294941 17.8059042 45.05604
239 538       7.147767 12.9929320 34.93521 22.6750109 17.8675778 45.11908
240 539       7.167354 13.0211507 35.00976 22.7159892 17.9277509 45.17918
241 540       7.187173 13.0461946 35.08837 22.7502676 17.9885569 45.23642
242 541       7.207198 13.0685769 35.16978 22.7789124 18.0495248 45.29124
243 542       7.227405 13.0888106 35.25273 22.8029900 18.1101836 45.34407
244 543       7.247772 13.1074088 35.33598 22.8235667 18.1700621 45.39537
245 544       7.268272 13.1248846 35.41826 22.8417090 18.2286894 45.44557
246 545       7.288884 13.1417512 35.49832 22.8584832 18.2855944 45.49511
247 546       7.309581 13.1585216 35.57491 22.8749557 18.3403060 45.54445
248 547       7.330341 13.1757090 35.64678 22.8921928 18.3923532 45.59402
249 548       7.351139 13.1938265 35.71265 22.9112610 18.4412650 45.64426
250 549       7.371951 13.2133871 35.77129 22.9332265 18.4865703 45.69561
251 550       7.392753 13.2349039 35.82144 22.9591558 18.5277981 45.74853
252 551       7.413739 13.2565260 35.86579 22.9843045 18.5657788 45.80091
253 552       7.435084 13.2762674 35.90781 23.0038586 18.6016756 45.85065
254 553       7.456732 13.2944392 35.94738 23.0187804 18.6355165 45.89820
255 554       7.478629 13.3113523 35.98441 23.0300321 18.6673295 45.94398
256 555       7.500721 13.3273178 36.01879 23.0385760 18.6971425 45.98844
257 556       7.522954 13.3426467 36.05041 23.0453744 18.7249836 46.03201
258 557       7.545274 13.3576499 36.07918 23.0513894 18.7508808 46.07513
259 558       7.567625 13.3726384 36.10497 23.0575833 18.7748620 46.11823
260 559       7.589954 13.3879233 36.12770 23.0649183 18.7969553 46.16177
261 560       7.612207 13.4038155 36.14726 23.0743567 18.8171886 46.20616
262 561       7.634328 13.4206260 36.16353 23.0868607 18.8355900 46.25185
263 562       7.656264 13.4386659 36.17643 23.1033926 18.8521873 46.29928
264 563       7.677961 13.4582461 36.18583 23.1249146 18.8670087 46.34888
265 564       7.699844 13.4786594 36.18974 23.1484333 18.8786830 46.39978
266 565       7.722296 13.4990044 36.18682 23.1705608 18.8861559 46.45080
267 566       7.745197 13.5193008 36.17790 23.1916678 18.8899302 46.50193
268 567       7.768427 13.5395683 36.16383 23.2121246 18.8905090 46.55313
269 568       7.791864 13.5598264 36.14546 23.2323018 18.8883952 46.60441
270 569       7.815388 13.5800947 36.12364 23.2525699 18.8840916 46.65573
271 570       7.838879 13.6003931 36.09923 23.2732995 18.8781014 46.70707
272 571       7.862216 13.6207410 36.07307 23.2948610 18.8709273 46.75843
273 572       7.885279 13.6411582 36.04600 23.3176251 18.8630723 46.80977
274 573       7.907947 13.6616642 36.01888 23.3419622 18.8550394 46.86108
275 574       7.930099 13.6822788 35.99256 23.3682428 18.8473316 46.91235
276 575       7.951616 13.7030215 35.96789 23.3968375 18.8404517 46.96355
277 576       7.972987 13.7244802 35.94086 23.4280626 18.8321250 47.01579
278 577       7.994719 13.7470807 35.90749 23.4617447 18.8200533 47.06997
279 578       8.016722 13.7705992 35.86862 23.4975195 18.8047039 47.12568
280 579       8.038903 13.7948121 35.82509 23.5350228 18.7865445 47.18255
281 580       8.061169 13.8194957 35.77775 23.5738901 18.7660426 47.24020
282 581       8.083428 13.8444263 35.72745 23.6137573 18.7436656 47.29824
283 582       8.105589 13.8693802 35.67502 23.6542601 18.7198812 47.35629
284 583       8.127558 13.8941338 35.62131 23.6950342 18.6951568 47.41398
285 584       8.149245 13.9184634 35.56717 23.7357152 18.6699600 47.47091
286 585       8.170556 13.9421453 35.51344 23.7759390 18.6447582 47.52670
287 586       8.191399 13.9649559 35.46097 23.8153412 18.6200190 47.58097
288 587       8.211683 13.9866714 35.41060 23.8535576 18.5962099 47.63335
289 588       8.231315 14.0070683 35.36318 23.8902238 18.5737985 47.68344
290 589       8.250522 14.0273823 35.31554 23.9279163 18.5509536 47.73304
291 590       8.269585 14.0488032 35.26432 23.9689916 18.5257515 47.78393
292 591       8.288493 14.0710377 35.21006 24.0127556 18.4985204 47.83575
293 592       8.307234 14.0937927 35.15328 24.0585141 18.4695887 47.88811
294 593       8.325796 14.1167750 35.09452 24.1055729 18.4392847 47.94065
295 594       8.344167 14.1396914 35.03432 24.1532380 18.4079367 47.99297
296 595       8.362336 14.1622489 34.97319 24.2008152 18.3758731 48.04470
297 596       8.380289 14.1841541 34.91168 24.2476104 18.3434223 48.09547
298 597       8.398017 14.2051140 34.85032 24.2929293 18.3109124 48.14490
299 598       8.415506 14.2248353 34.78964 24.3360780 18.2786720 48.19262
300 599       8.432745 14.2430250 34.73017 24.3763621 18.2470292 48.23823
301 600       8.449723 14.2593898 34.67245 24.4130877 18.2163125 48.28137
302 601       8.466338 14.2745815 34.61517 24.4483531 18.1854457 48.32246
303 602       8.482527 14.2894274 34.55675 24.4845382 18.1532443 48.36225
304 603       8.498333 14.3038977 34.49729 24.5213711 18.1198736 48.40084
305 604       8.513799 14.3179627 34.43691 24.5585795 18.0854991 48.43834
306 605       8.528968 14.3315926 34.37572 24.5958916 18.0502863 48.47488
307 606       8.543883 14.3447577 34.31381 24.6330352 18.0144008 48.51055
308 607       8.558588 14.3574281 34.25129 24.6697384 17.9780079 48.54548
309 608       8.573124 14.3695741 34.18828 24.7057291 17.9412732 48.57976
310 609       8.587536 14.3811660 34.12488 24.7407352 17.9043622 48.61352
311 610       8.601866 14.3921740 34.06120 24.7744847 17.8674403 48.64686
312 611       8.616158 14.4025684 33.99734 24.8067056 17.8306729 48.67989
313 612       8.630454 14.4123193 33.93341 24.8371258 17.7942257 48.71273
314 613       8.644797 14.4213970 33.86952 24.8654733 17.7582640 48.74549
315 614       8.658981 14.4290174 33.80527 24.8913633 17.7218876 48.77611
316 615       8.672801 14.4346354 33.74026 24.9148416 17.6842295 48.80295
317 616       8.686298 14.4385795 33.67454 24.9362814 17.6455044 48.82670
318 617       8.699515 14.4411785 33.60819 24.9560563 17.6059272 48.84807
319 618       8.712497 14.4427608 33.54128 24.9745397 17.5657130 48.86778
320 619       8.725285 14.4436553 33.47388 24.9921051 17.5250766 48.88651
321 620       8.737923 14.4441904 33.40605 25.0091259 17.4842330 48.90499
322 621       8.750454 14.4446948 33.33787 25.0259756 17.4433970 48.92392
323 622       8.762921 14.4454972 33.26941 25.0430276 17.4027837 48.94400
324 623       8.775366 14.4469262 33.20074 25.0606553 17.3626078 48.96593
325 624       8.787833 14.4493104 33.13192 25.0792323 17.3230844 48.99043
326 625       8.800364 14.4529784 33.06303 25.0991319 17.2844283 49.01820
327 626       8.812718 14.4561132 32.99341 25.1177456 17.2456717 49.04575
328 627       8.824663 14.4569611 32.92249 25.1326663 17.2058358 49.06963
329 628       8.836259 14.4559459 32.85045 25.1445694 17.1651194 49.09058
330 629       8.847566 14.4534916 32.77749 25.1541307 17.1237212 49.10940
331 630       8.858643 14.4500219 32.70378 25.1620257 17.0818399 49.12682
332 631       8.869550 14.4459607 32.62952 25.1689299 17.0396742 49.14363
333 632       8.880347 14.4417318 32.55490 25.1755190 16.9974229 49.16058
334 633       8.891094 14.4377591 32.48009 25.1824686 16.9552847 49.17844
335 634       8.901850 14.4344663 32.40530 25.1904542 16.9134583 49.19798
336 635       8.912675 14.4322773 32.33070 25.2001514 16.8721425 49.21995
337 636       8.923629 14.4316160 32.25648 25.2122359 16.8315359 49.24512
338 637       8.934771 14.4329061 32.18284 25.2273831 16.7918374 49.27426
339 638       8.946162 14.4365716 32.10995 25.2462688 16.7532455 49.30813
340 639       8.957313 14.4407824 32.03669 25.2657431 16.7149728 49.34366
341 640       8.967789 14.4436659 31.96201 25.2826468 16.6761934 49.37762
342 641       8.977734 14.4455815 31.88618 25.2976411 16.6370489 49.41059
343 642       8.987291 14.4468886 31.80949 25.3113870 16.5976809 49.44312
344 643       8.996600 14.4479467 31.73220 25.3245460 16.5582309 49.47578
345 644       9.005806 14.4491155 31.65460 25.3377790 16.5188405 49.50912
346 645       9.015050 14.4507542 31.57696 25.3517473 16.4796513 49.54370
347 646       9.024475 14.4532224 31.49957 25.3671122 16.4408049 49.58009
348 647       9.034224 14.4568797 31.42270 25.3845347 16.4024427 49.61884
349 648       9.044438 14.4620854 31.34663 25.4046760 16.3647065 49.66053
350 649       9.055260 14.4691990 31.27164 25.4281974 16.3277376 49.70570
351 650       9.066833 14.4785801 31.19801 25.4557601 16.2916777 49.75492
352 651       9.078609 14.4894133 31.12497 25.4857962 16.2562314 49.80707
353 652       9.090017 14.5006806 31.05165 25.5163834 16.2210167 49.86069
354 653       9.101166 14.5124381 30.97814 25.5476510 16.1860459 49.91579
355 654       9.112166 14.5247416 30.90454 25.5797281 16.1513309 49.97241
356 655       9.123126 14.5376469 30.83092 25.6127438 16.1168839 50.03058
357 656       9.134153 14.5512098 30.75740 25.6468275 16.0827168 50.09030
358 657       9.145358 14.5654864 30.68405 25.6821084 16.0488417 50.15163
359 658       9.156850 14.5805323 30.61098 25.7187156 16.0152708 50.21457
360 659       9.168737 14.5964035 30.53826 25.7567783 15.9820160 50.27916
361 660       9.181128 14.6131558 30.46601 25.7964257 15.9490895 50.34543
362 661       9.194132 14.6308452 30.39430 25.8377871 15.9165032 50.41339
363 662       9.207859 14.6495274 30.32324 25.8809916 15.8842693 50.48309
364 663       9.222417 14.6692583 30.25291 25.9261686 15.8523999 50.55453
365 664       9.237465 14.6898692 30.18303 25.9729236 15.8208600 50.62766
366 665       9.252609 14.7111645 30.11326 26.0208013 15.7896086 50.70238
367 666       9.267886 14.7331597 30.04364 26.0698387 15.7586487 50.77870
368 667       9.283327 14.7558701 29.97420 26.1200729 15.7279831 50.85663
369 668       9.298969 14.7793113 29.90495 26.1715410 15.6976145 50.93616
370 669       9.314846 14.8034988 29.83594 26.2242801 15.6675458 51.01732
371 670       9.330990 14.8284480 29.76718 26.2783273 15.6377799 51.10009
372 671       9.347438 14.8541744 29.69871 26.3337197 15.6083195 51.18448
373 672       9.364222 14.8806934 29.63056 26.3904945 15.5791675 51.27050
374 673       9.381378 14.9080205 29.56274 26.4486887 15.5503267 51.35816
375 674       9.398939 14.9361712 29.49529 26.5083394 15.5218000 51.44746
376 675       9.416940 14.9651609 29.42824 26.5694838 15.4935901 51.53839
377 676       9.435290 14.9949507 29.36152 26.6320272 15.4656905 51.63097
378 677       9.453880 15.0254933 29.29503 26.6958559 15.4380928 51.72516
379 678       9.472721 15.0567919 29.22878 26.7609780 15.4107974 51.82098
380 679       9.491822 15.0888499 29.16279 26.8274018 15.3838046 51.91841
381 680       9.511191 15.1216704 29.09706 26.8951353 15.3571149 52.01747
382 681       9.530838 15.1552566 29.03159 26.9641868 15.3307287 52.11815
383 682       9.550772 15.1896119 28.96639 27.0345645 15.3046462 52.22045
384 683       9.571002 15.2247395 28.90147 27.1062765 15.2788680 52.32437
385 684       9.591538 15.2606426 28.83684 27.1793311 15.2533943 52.42990
386 685       9.612388 15.2973245 28.77250 27.2537364 15.2282256 52.53706
387 686       9.633562 15.3347883 28.70846 27.3295006 15.2033622 52.64583
388 687       9.655069 15.3730374 28.64472 27.4066318 15.1788046 52.75622
389 688       9.676918 15.4120750 28.58130 27.4851384 15.1545531 52.86823
390 689       9.699138 15.4519081 28.51821 27.5650398 15.1306075 52.98185
391 690       9.721745 15.4925389 28.45545 27.6463438 15.1069675 53.09707
392 691       9.744724 15.5339639 28.39303 27.7290407 15.0836326 53.21390
393 692       9.768066 15.5761793 28.33093 27.8131208 15.0606026 53.33234
394 693       9.791758 15.6191815 28.26915 27.8985745 15.0378773 53.45238
395 694       9.815788 15.6629666 28.20768 27.9853922 15.0154562 53.57404
396 695       9.840144 15.7075310 28.14650 28.0735640 14.9933392 53.69730
397 696       9.864815 15.7528711 28.08561 28.1630805 14.9715259 53.82218
398 697       9.889787 15.7989831 28.02500 28.2539320 14.9500161 53.94868
399 698       9.915050 15.8458634 27.96466 28.3461086 14.9288095 54.07679
400 699       9.940590 15.8935081 27.90459 28.4396009 14.9079057 54.20652
401 700       9.966398 15.9419137 27.84478 28.5343992 14.8873045 54.33786
     X03_m_q
1   18.25453
2   18.44631
3   18.63069
4   18.80744
5   18.97631
6   19.13708
7   19.28950
8   19.43335
9   19.56839
10  19.69438
11  19.81109
12  19.91828
13  20.01573
14  20.10368
15  20.18267
16  20.25288
17  20.31452
18  20.36775
19  20.41278
20  20.44978
21  20.47894
22  20.50046
23  20.51451
24  20.52128
25  20.52097
26  20.51375
27  20.49736
28  20.46984
29  20.43187
30  20.38412
31  20.32727
32  20.26198
33  20.18893
34  20.10879
35  20.02223
36  19.92993
37  19.83256
38  19.73079
39  19.62530
40  19.50644
41  19.36611
42  19.20730
43  19.03298
44  18.84614
45  18.64975
46  18.44680
47  18.24027
48  18.03314
49  17.82839
50  17.62900
51  17.43795
52  17.23570
53  17.00423
54  16.74880
55  16.47468
56  16.18714
57  15.89144
58  15.59285
59  15.29663
60  15.00804
61  14.73236
62  14.47485
63  14.24077
64  14.03539
65  13.83685
66  13.62254
67  13.39656
68  13.16300
69  12.92598
70  12.68960
71  12.45796
72  12.23517
73  12.02533
74  11.83254
75  11.66091
76  11.51454
77  11.38453
78  11.25951
79  11.13987
80  11.02601
81  10.91834
82  10.81724
83  10.72313
84  10.63640
85  10.55744
86  10.48666
87  10.42446
88  10.37123
89  10.32738
90  10.29533
91  10.27644
92  10.26951
93  10.27332
94  10.28667
95  10.30837
96  10.33719
97  10.37194
98  10.41140
99  10.45438
100 10.49967
101 10.54605
102 10.59802
103 10.66032
104 10.73218
105 10.81282
106 10.90146
107 10.99732
108 11.09963
109 11.20760
110 11.32046
111 11.43742
112 11.55771
113 11.68055
114 11.80516
115 11.93623
116 12.07816
117 12.22972
118 12.38966
119 12.55676
120 12.72978
121 12.90749
122 13.08866
123 13.27206
124 13.45645
125 13.64059
126 13.82327
127 14.01361
128 14.21996
129 14.43987
130 14.67088
131 14.91054
132 15.15641
133 15.40604
134 15.65696
135 15.90674
136 16.15291
137 16.39304
138 16.62467
139 16.84534
140 17.06950
141 17.31084
142 17.56580
143 17.83084
144 18.10239
145 18.37690
146 18.65081
147 18.92058
148 19.18265
149 19.43347
150 19.66947
151 19.88711
152 20.09741
153 20.31278
154 20.53171
155 20.75270
156 20.97425
157 21.19485
158 21.41300
159 21.62720
160 21.83594
161 22.03772
162 22.23104
163 22.41439
164 22.58627
165 22.74774
166 22.90140
167 23.04807
168 23.18854
169 23.32364
170 23.45416
171 23.58093
172 23.70475
173 23.82642
174 23.94677
175 24.06659
176 24.18671
177 24.30067
178 24.40265
179 24.49439
180 24.57762
181 24.65407
182 24.72548
183 24.79357
184 24.86009
185 24.92677
186 24.99533
187 25.06752
188 25.14507
189 25.22971
190 25.31359
191 25.38878
192 25.45689
193 25.51956
194 25.57838
195 25.63497
196 25.69097
197 25.74797
198 25.80760
199 25.87147
200 25.94121
201 26.01842
202 26.09915
203 26.17857
204 26.25701
205 26.33478
206 26.41220
207 26.48959
208 26.56728
209 26.64557
210 26.72479
211 26.80526
212 26.88730
213 26.97122
214 27.05734
215 27.14681
216 27.24010
217 27.33648
218 27.43526
219 27.53573
220 27.63718
221 27.73892
222 27.84023
223 27.94040
224 28.03874
225 28.13453
226 28.22707
227 28.32053
228 28.41889
229 28.52113
230 28.62623
231 28.73320
232 28.84102
233 28.94868
234 29.05517
235 29.15948
236 29.26060
237 29.35752
238 29.44923
239 29.53472
240 29.61854
241 29.70531
242 29.79410
243 29.88398
244 29.97403
245 30.06331
246 30.15089
247 30.23586
248 30.31728
249 30.39422
250 30.46575
251 30.53095
252 30.59198
253 30.65153
254 30.70946
255 30.76562
256 30.81987
257 30.87208
258 30.92211
259 30.96980
260 31.01503
261 31.05765
262 31.09751
263 31.13449
264 31.16843
265 31.19849
266 31.22418
267 31.24596
268 31.26425
269 31.27951
270 31.29216
271 31.30266
272 31.31144
273 31.31893
274 31.32559
275 31.33185
276 31.33815
277 31.34242
278 31.34259
279 31.33911
280 31.33240
281 31.32291
282 31.31107
283 31.29732
284 31.28210
285 31.26584
286 31.24898
287 31.23196
288 31.21521
289 31.19918
290 31.18217
291 31.16241
292 31.14019
293 31.11581
294 31.08957
295 31.06175
296 31.03267
297 31.00261
298 30.97186
299 30.94074
300 30.90952
301 30.87852
302 30.84670
303 30.81298
304 30.77752
305 30.74048
306 30.70202
307 30.66232
308 30.62153
309 30.57983
310 30.53737
311 30.49433
312 30.45087
313 30.40715
314 30.36333
315 30.31839
316 30.27136
317 30.22249
318 30.17207
319 30.12037
320 30.06765
321 30.01418
322 29.96024
323 29.90610
324 29.85202
325 29.79828
326 29.74514
327 29.69123
328 29.63520
329 29.57735
330 29.51799
331 29.45743
332 29.39598
333 29.33394
334 29.27163
335 29.20935
336 29.14741
337 29.08612
338 29.02579
339 28.96672
340 28.90752
341 28.84678
342 28.78477
343 28.72180
344 28.65815
345 28.59409
346 28.52993
347 28.46594
348 28.40241
349 28.33964
350 28.27790
351 28.21748
352 28.15771
353 28.09776
354 28.03767
355 27.97752
356 27.91734
357 27.85720
358 27.79715
359 27.73724
360 27.67752
361 27.61806
362 27.55890
363 27.50011
364 27.44172
365 27.38359
366 27.32551
367 27.26751
368 27.20960
369 27.15178
370 27.09409
371 27.03654
372 26.97913
373 26.92189
374 26.86483
375 26.80797
376 26.75132
377 26.69485
378 26.63850
379 26.58227
380 26.52618
381 26.47023
382 26.41441
383 26.35874
384 26.30321
385 26.24783
386 26.19261
387 26.13754
388 26.08263
389 26.02788
390 25.97331
391 25.91891
392 25.86468
393 25.81061
394 25.75671
395 25.70297
396 25.64938
397 25.59594
398 25.54265
399 25.48950
400 25.43649
401 25.38361
> vis.bt <- vis.bluetit(leptodactyla, background = "X00_background")
Calculating noise-weighted Euclidean distances and noise-weighted luminance contrasts
Error in QI_tit %>% tibble::rownames_to_column(var = "ID") %>% dplyr::filter(ID !=  : 
  could not find function "%>%"
Calls: vis.bluetit
Execution halted
* checking for non-standard things in the check directory ... OK
* checking for detritus in the temp directory ... OK
* DONE
Status: 1 ERROR, 1 WARNING, 1 NOTE
